2025-02-17 20:56:21,028 - RecipeProcessor - INFO - 총 5796개의 레시피 처리 시작
2025-02-17 20:56:21,032 - RecipeProcessor - WARNING - Recipe steps missing: 밥새우볶음 만드는법~밥새우세멸치볶음 밥새우요리
2025-02-17 20:56:21,032 - RecipeProcessor - WARNING - Recipe steps missing: 짜장밥 (tvn 스페인하숙 짜장밥)
2025-02-17 20:56:21,032 - RecipeProcessor - WARNING - Recipe steps missing: 대하 볶음밥 - 딸에게# /볶음밥
2025-02-17 20:56:21,033 - RecipeProcessor - INFO - 100/5796 레시피 처리 완료
2025-02-17 20:56:21,035 - RecipeProcessor - WARNING - Recipe steps missing: 계란밥전 - 딸에게# / 계란밥전만드는법
2025-02-17 20:56:21,037 - RecipeProcessor - WARNING - Recipe steps missing: 주말에 만든 우리 집 나물반찬 3가지
2025-02-17 20:56:21,038 - RecipeProcessor - INFO - 200/5796 레시피 처리 완료
2025-02-17 20:56:21,040 - RecipeProcessor - WARNING - Recipe title missing: https://www.10000recipe.com/recipe/6956043
2025-02-17 20:56:21,041 - RecipeProcessor - WARNING - Recipe steps missing: 한꺼번에 4가지 밥하기 - 4가지밥
2025-02-17 20:56:21,042 - RecipeProcessor - INFO - 300/5796 레시피 처리 완료
2025-02-17 20:56:21,043 - RecipeProcessor - WARNING - Recipe steps missing: 해초 밥이랑 먹는 오이냉국, 오이냉국 밥
2025-02-17 20:56:21,044 - RecipeProcessor - WARNING - Recipe steps missing: 한 그릇 밥, 먹다 남은 재료로 만든 카레라이스
2025-02-17 20:56:21,046 - RecipeProcessor - WARNING - Recipe steps missing: 순두부찌개 - 딸에게# / 임성근 만능찌개양념장
2025-02-17 20:56:21,047 - RecipeProcessor - INFO - 400/5796 레시피 처리 완료
2025-02-17 20:56:21,050 - RecipeProcessor - WARNING - Recipe steps missing: 편스토랑 류수영 대만족면 도전 (남은 족발로~~♡)
2025-02-17 20:56:21,097 - RecipeProcessor - INFO - 500/5796 레시피 처리 완료
2025-02-17 20:56:21,103 - RecipeProcessor - INFO - 600/5796 레시피 처리 완료
2025-02-17 20:56:21,105 - RecipeProcessor - WARNING - Recipe steps missing: 알타리김치 지짐 만드는법- 딸에게# ~ 총각김치지짐
2025-02-17 20:56:21,106 - RecipeProcessor - WARNING - Recipe steps missing: 알타리김치 - 딸에게#
2025-02-17 20:56:21,106 - RecipeProcessor - WARNING - Recipe steps missing: 알타리김치? 무청김치 담그는법- 딸에게#
2025-02-17 20:56:21,109 - RecipeProcessor - INFO - 700/5796 레시피 처리 완료
2025-02-17 20:56:21,110 - RecipeProcessor - WARNING - Recipe steps missing: 알타리김치 담그기 - 딸에게 #
2025-02-17 20:56:21,110 - RecipeProcessor - WARNING - Recipe steps missing: 김장철 보양식~ 소고기배추국 - 딸에게#
2025-02-17 20:56:21,111 - RecipeProcessor - WARNING - Recipe steps missing: 겨울 보양식, 두 가지 맛 장어구이
2025-02-17 20:56:21,112 - RecipeProcessor - WARNING - Recipe steps missing: 불없이 만드는 보양식'스지찜'
2025-02-17 20:56:21,115 - RecipeProcessor - WARNING - Recipe title missing: https://www.10000recipe.com/recipe/7031336
2025-02-17 20:56:21,115 - RecipeProcessor - INFO - 800/5796 레시피 처리 완료
2025-02-17 20:56:21,120 - RecipeProcessor - INFO - 900/5796 레시피 처리 완료
2025-02-17 20:56:21,121 - RecipeProcessor - WARNING - Recipe steps missing: 건강한 면 요리 생면으로 만드는 크림스파게티
2025-02-17 20:56:21,122 - RecipeProcessor - WARNING - Recipe steps missing: 메밀면샐러드-아사삭 깔끔한 맛
2025-02-17 20:56:21,124 - RecipeProcessor - WARNING - Recipe steps missing: 요포미엔 (생활의 달인 대만가정식 면요리)
2025-02-17 20:56:21,126 - RecipeProcessor - INFO - 1000/5796 레시피 처리 완료
2025-02-17 20:56:21,127 - RecipeProcessor - WARNING - Recipe steps missing: 달래 된장찌개 끓이는법~ 뚝배기 차돌박이된장찌개
2025-02-17 20:56:21,127 - RecipeProcessor - WARNING - Recipe steps missing: 삼겹살 듬뿍~ 김치찌개 - 딸에게# / 김치찌개 만드는법
2025-02-17 20:56:21,131 - RecipeProcessor - INFO - 1100/5796 레시피 처리 완료
2025-02-17 20:56:21,133 - RecipeProcessor - WARNING - Recipe steps missing: 냉파, 냉장고 털어 만든 우리 집 밑반찬
2025-02-17 20:56:21,134 - RecipeProcessor - WARNING - Recipe steps missing: 묵은지김치찜 밖에서 사 먹으면 손해
2025-02-17 20:56:21,135 - RecipeProcessor - WARNING - Recipe steps missing: 금붕어 소면~밥블레스유 최화정 간장국수(쯔유소면)
2025-02-17 20:56:21,136 - RecipeProcessor - INFO - 1200/5796 레시피 처리 완료
2025-02-17 20:56:21,137 - RecipeProcessor - WARNING - Recipe steps missing: 초계국수...더운여름날에 먹으면 더 좋은 국수
2025-02-17 20:56:21,141 - RecipeProcessor - INFO - 1300/5796 레시피 처리 완료
2025-02-17 20:56:21,147 - RecipeProcessor - INFO - 1400/5796 레시피 처리 완료
2025-02-17 20:56:21,150 - RecipeProcessor - WARNING - Recipe steps missing: 얼갈이열무김치 담그는법~ 열무얼갈이김치 여름김치담그기
2025-02-17 20:56:21,151 - RecipeProcessor - WARNING - Recipe title missing: https://www.10000recipe.com/recipe/6864003
2025-02-17 20:56:21,153 - RecipeProcessor - INFO - 1500/5796 레시피 처리 완료
2025-02-17 20:56:21,155 - RecipeProcessor - WARNING - Recipe steps missing: 든든한 우리 집 밑반찬 4가지
2025-02-17 20:56:21,157 - RecipeProcessor - WARNING - Recipe steps missing: 된장볶음밥?! 유명레스토랑
2025-02-17 20:56:21,158 - RecipeProcessor - WARNING - Recipe steps missing: 혼밥 총각김치볶음밥
2025-02-17 20:56:21,158 - RecipeProcessor - INFO - 1600/5796 레시피 처리 완료
2025-02-17 20:56:21,162 - RecipeProcessor - WARNING - Recipe steps missing: 고추김치 만드는법/별미김치
2025-02-17 20:56:21,163 - RecipeProcessor - INFO - 1700/5796 레시피 처리 완료
2025-02-17 20:56:21,163 - RecipeProcessor - WARNING - Recipe steps missing: 김치찌개 만드는법~멸치김치찌개?햄,소세지김치찌개?잡탕김치찌개~
2025-02-17 20:56:21,164 - RecipeProcessor - WARNING - Recipe steps missing: #짜서 먹기 힘든 김치로 만드는 #김치찜 만들기 #냄새만으로도 밥을 부르는 짠김치의 대 변신!!!
2025-02-17 20:56:21,166 - RecipeProcessor - WARNING - Recipe steps missing: 한 그릇 밥, 밥도둑 케일쌈과 케일 쌈밥
2025-02-17 20:56:21,166 - RecipeProcessor - WARNING - Recipe steps missing: 숙주볶음밥 만드는법~ 새우볶음밥,태국식계란볶음밥,팟타이
2025-02-17 20:56:21,168 - RecipeProcessor - INFO - 1800/5796 레시피 처리 완료
2025-02-17 20:56:21,169 - RecipeProcessor - WARNING - Recipe title missing: https://www.10000recipe.com/recipe/6850017
2025-02-17 20:56:21,175 - RecipeProcessor - INFO - 1900/5796 레시피 처리 완료
2025-02-17 20:56:21,175 - RecipeProcessor - WARNING - Recipe steps missing: 꼬마 멜론으로 만든 밑반찬 3가지
2025-02-17 20:56:21,180 - RecipeProcessor - INFO - 2000/5796 레시피 처리 완료
2025-02-17 20:56:21,184 - RecipeProcessor - WARNING - Recipe title missing: https://www.10000recipe.com/recipe/6928857
2025-02-17 20:56:21,184 - RecipeProcessor - INFO - 2100/5796 레시피 처리 완료
2025-02-17 20:56:21,187 - RecipeProcessor - WARNING - Recipe steps missing: 명절 음식 재활용, 얼큰 찌개와 마요 덮밥
2025-02-17 20:56:21,189 - RecipeProcessor - INFO - 2200/5796 레시피 처리 완료
2025-02-17 20:56:21,194 - RecipeProcessor - WARNING - Recipe steps missing: 아주버님을 위한 밑반찬 6가지
2025-02-17 20:56:21,194 - RecipeProcessor - INFO - 2300/5796 레시피 처리 완료
2025-02-17 20:56:21,195 - RecipeProcessor - WARNING - Recipe steps missing: 안주,반찬되는 짜사이
2025-02-17 20:56:21,199 - RecipeProcessor - INFO - 2400/5796 레시피 처리 완료
2025-02-17 20:56:21,200 - RecipeProcessor - WARNING - Recipe steps missing: 볶음우동 만들기~베이컨볶음우동만드는법 우동면요리
2025-02-17 20:56:21,201 - RecipeProcessor - WARNING - Recipe steps missing: 속은촉촉 겉은바삭한 얼갈이전 - 봄에 먹은면 맛있는전
2025-02-17 20:56:21,205 - RecipeProcessor - INFO - 2500/5796 레시피 처리 완료
2025-02-17 20:56:21,206 - RecipeProcessor - WARNING - Recipe steps missing: 전찌개
2025-02-17 20:56:21,210 - RecipeProcessor - INFO - 2600/5796 레시피 처리 완료
2025-02-17 20:56:21,212 - RecipeProcessor - WARNING - Recipe steps missing: 부대찌개..비오는날엔 얼큰한 부대찌개!!(생생정보통)
2025-02-17 20:56:21,214 - RecipeProcessor - WARNING - Recipe steps missing: 돼지고기사태찌개 만드는법 ~ 사태고추장찌개
2025-02-17 20:56:21,215 - RecipeProcessor - INFO - 2700/5796 레시피 처리 완료
2025-02-17 20:56:21,215 - RecipeProcessor - WARNING - Recipe steps missing: 백종원 순두부찌개 만들어봤어요
2025-02-17 20:56:21,216 - RecipeProcessor - WARNING - Recipe steps missing: 제철 식재료로 만든 우리 집 밑반찬
2025-02-17 20:56:21,220 - RecipeProcessor - INFO - 2800/5796 레시피 처리 완료
2025-02-17 20:56:21,223 - RecipeProcessor - WARNING - Recipe steps missing: 개학 준비, 누구나 쉽게 만드는 밑반찬
2025-02-17 20:56:21,224 - RecipeProcessor - WARNING - Recipe steps missing: 집밥을 좋아하는 딸아이를 위한 밑반찬
2025-02-17 20:56:21,225 - RecipeProcessor - INFO - 2900/5796 레시피 처리 완료
2025-02-17 20:56:21,229 - RecipeProcessor - INFO - 3000/5796 레시피 처리 완료
2025-02-17 20:56:21,230 - RecipeProcessor - WARNING - Recipe steps missing: [밑반찬/마른반찬/오래먹는반찬] 명엽채볶음~! 오래먹고 오래보관가능한 반찬이에요~~
2025-02-17 20:56:21,234 - RecipeProcessor - INFO - 3100/5796 레시피 처리 완료
2025-02-17 20:56:21,236 - RecipeProcessor - WARNING - Recipe title missing: https://www.10000recipe.com/recipe/2423855
2025-02-17 20:56:21,238 - RecipeProcessor - INFO - 3200/5796 레시피 처리 완료
2025-02-17 20:56:21,239 - RecipeProcessor - WARNING - Recipe title missing: https://www.10000recipe.com/recipe/6997341
2025-02-17 20:56:21,244 - RecipeProcessor - INFO - 3300/5796 레시피 처리 완료
2025-02-17 20:56:21,245 - RecipeProcessor - WARNING - Recipe steps missing: 양배추고추씨김치 - 딸에게# / 양배추김치
2025-02-17 20:56:21,246 - RecipeProcessor - WARNING - Recipe steps missing: 김치볶음밥 대량생산, 냉동김치볶음밥 만들기, 김치볶음밥 다이어트, 현미김치볶음밥
2025-02-17 20:56:21,246 - RecipeProcessor - WARNING - Recipe steps missing: 김치콩나물국 끓이는법~ 개운한 멸치육수 김치국 김치요리
2025-02-17 20:56:21,249 - RecipeProcessor - WARNING - Recipe steps missing: 감자 깔고 끓였습니다. 갈치찌개
2025-02-17 20:56:21,249 - RecipeProcessor - INFO - 3400/5796 레시피 처리 완료
2025-02-17 20:56:21,250 - RecipeProcessor - WARNING - Recipe steps missing: [된장찌개]엄마보다 더 백종원보다더 맛있는 된장찌개
2025-02-17 20:56:21,250 - RecipeProcessor - WARNING - Recipe steps missing: 두부새우젓찌개 끓이는법~간단한찌개 두부요리
2025-02-17 20:56:21,254 - RecipeProcessor - INFO - 3500/5796 레시피 처리 완료
2025-02-17 20:56:21,254 - RecipeProcessor - WARNING - Recipe title missing: https://www.10000recipe.com/recipe/6855859
2025-02-17 20:56:21,255 - RecipeProcessor - WARNING - Recipe title missing: https://www.10000recipe.com/recipe/6908136
2025-02-17 20:56:21,259 - RecipeProcessor - INFO - 3600/5796 레시피 처리 완료
2025-02-17 20:56:21,262 - RecipeProcessor - WARNING - Recipe steps missing: 여름김치~양배추김치 - 딸에게 # / 양배추김치만드는법
2025-02-17 20:56:21,264 - RecipeProcessor - INFO - 3700/5796 레시피 처리 완료
2025-02-17 20:56:21,269 - RecipeProcessor - INFO - 3800/5796 레시피 처리 완료
2025-02-17 20:56:21,270 - RecipeProcessor - WARNING - Recipe steps missing: 수미네반찬 서울불고기
2025-02-17 20:56:21,271 - RecipeProcessor - WARNING - Recipe steps missing: 짜글이 만드는법/수미네 반찬
2025-02-17 20:56:21,274 - RecipeProcessor - INFO - 3900/5796 레시피 처리 완료
2025-02-17 20:56:21,279 - RecipeProcessor - INFO - 4000/5796 레시피 처리 완료
2025-02-17 20:56:21,281 - RecipeProcessor - WARNING - Recipe steps missing: 도토리쫄쫄면으로 비벼드세요~
2025-02-17 20:56:21,283 - RecipeProcessor - WARNING - Recipe steps missing: 카레볶음밥, 김치볶음라면, 계라탕
2025-02-17 20:56:21,283 - RecipeProcessor - WARNING - Recipe steps missing: 들깨 닭칼국수 만들기, 겨울 보양식으로 딱이야
2025-02-17 20:56:21,283 - RecipeProcessor - INFO - 4100/5796 레시피 처리 완료
2025-02-17 20:56:21,284 - RecipeProcessor - WARNING - Recipe steps missing: 보양식 전복회 만드는법~ 전복손질법, 전복보관
2025-02-17 20:56:21,287 - RecipeProcessor - WARNING - Recipe steps missing: 버섯덮밥 만들기, 간단하게 즐기는 영양식
2025-02-17 20:56:21,288 - RecipeProcessor - WARNING - Recipe steps missing: 돼지목살김치찌개~골목식당 돼지찌개 만드는법
2025-02-17 20:56:21,289 - RecipeProcessor - INFO - 4200/5796 레시피 처리 완료
2025-02-17 20:56:21,290 - RecipeProcessor - WARNING - Recipe steps missing: 사태고추장찌개~ 돼지고기찌개 캠핑메뉴
2025-02-17 20:56:21,292 - RecipeProcessor - WARNING - Recipe steps missing: 꽃게탕 만드는법~ 가을 활꽃게매운탕 꽃게찌개
2025-02-17 20:56:21,294 - RecipeProcessor - WARNING - Recipe steps missing: 더먹고가 임지호 북어채 & 총각무 볶음밥 도전♡
2025-02-17 20:56:21,294 - RecipeProcessor - WARNING - Recipe steps missing: 양파김치 - 딸에게# / 양파김치 담그는법, 양파요리
2025-02-17 20:56:21,295 - RecipeProcessor - INFO - 4300/5796 레시피 처리 완료
2025-02-17 20:56:21,295 - RecipeProcessor - WARNING - Recipe steps missing: 막김치 담그는법~배추한포기 여름배추김치 담그기
2025-02-17 20:56:21,300 - RecipeProcessor - WARNING - Recipe steps missing: 봄김치 3종세트
2025-02-17 20:56:21,300 - RecipeProcessor - INFO - 4400/5796 레시피 처리 완료
2025-02-17 20:56:21,301 - RecipeProcessor - WARNING - Recipe title missing: https://www.10000recipe.com/recipe/6998529
2025-02-17 20:56:21,302 - RecipeProcessor - WARNING - Recipe steps missing: 수미네반찬 콩자반 따라
2025-02-17 20:56:21,304 - RecipeProcessor - INFO - 4500/5796 레시피 처리 완료
2025-02-17 20:56:21,305 - RecipeProcessor - WARNING - Recipe steps missing: 반찬만들기 스팸두부샌드
2025-02-17 20:56:21,309 - RecipeProcessor - INFO - 4600/5796 레시피 처리 완료
2025-02-17 20:56:21,310 - RecipeProcessor - WARNING - Recipe steps missing: 제주 별미, 보양식! 전복 김밥
2025-02-17 20:56:21,312 - RecipeProcessor - WARNING - Recipe steps missing: 무더위 이겨내자! 우리 집 여름 밑반찬
2025-02-17 20:56:21,314 - RecipeProcessor - WARNING - Recipe steps missing: ［간단초보요리］짭조름한 밑반찬으로 만드는 상추쌈밥
2025-02-17 20:56:21,314 - RecipeProcessor - INFO - 4700/5796 레시피 처리 완료
2025-02-17 20:56:21,316 - RecipeProcessor - WARNING - Recipe steps missing: 오이 해바라기씨 무침 만들기, 오이 겉절이 만드는 법, 오이 반찬. 쉬운 반찬
2025-02-17 20:56:21,317 - RecipeProcessor - WARNING - Recipe steps missing: 토마토 반찬~ 토마토무침 - 딸에게#
2025-02-17 20:56:21,318 - RecipeProcessor - WARNING - Recipe steps missing: 20분 저녁반찬 완성
2025-02-17 20:56:21,372 - RecipeProcessor - INFO - 4800/5796 레시피 처리 완료
2025-02-17 20:56:21,373 - RecipeProcessor - WARNING - Recipe steps missing: 수미네반찬 간장새우찜 만들어봤어요~
2025-02-17 20:56:21,373 - RecipeProcessor - WARNING - Recipe steps missing: 가지볶음..칼칼하고 짭쪼름한 밑반찬
2025-02-17 20:56:21,374 - RecipeProcessor - WARNING - Recipe steps missing: 우리 집 일주일 밑반찬
2025-02-17 20:56:21,376 - RecipeProcessor - WARNING - Recipe steps missing: 아들이 좋아하는 밑반찬 8가지
2025-02-17 20:56:21,377 - RecipeProcessor - WARNING - Recipe steps missing: 흔히 해먹는 반찬~ 두부조림
2025-02-17 20:56:21,377 - RecipeProcessor - INFO - 4900/5796 레시피 처리 완료
2025-02-17 20:56:21,382 - RecipeProcessor - INFO - 5000/5796 레시피 처리 완료
2025-02-17 20:56:21,387 - RecipeProcessor - WARNING - Recipe steps missing: 국민 양식 돈까스 만들기 + 돈까스 소스
2025-02-17 20:56:21,388 - RecipeProcessor - INFO - 5100/5796 레시피 처리 완료
2025-02-17 20:56:21,393 - RecipeProcessor - INFO - 5200/5796 레시피 처리 완료
2025-02-17 20:56:21,394 - RecipeProcessor - WARNING - Recipe steps missing: 강식당 김치밥 따라하기
2025-02-17 20:56:21,398 - RecipeProcessor - INFO - 5300/5796 레시피 처리 완료
2025-02-17 20:56:21,402 - RecipeProcessor - INFO - 5400/5796 레시피 처리 완료
2025-02-17 20:56:21,402 - RecipeProcessor - WARNING - Recipe steps missing: 스테이크 소스 만들기 이 맛 알면 다른 소스 못 먹어요
2025-02-17 20:56:21,403 - RecipeProcessor - WARNING - Recipe title missing: https://www.10000recipe.com/recipe/6942823
2025-02-17 20:56:21,403 - RecipeProcessor - WARNING - Recipe steps missing: SNS에서 인기몰이중인 라면계의 강자 쿠지라이식라면
2025-02-17 20:56:21,407 - RecipeProcessor - INFO - 5500/5796 레시피 처리 완료
2025-02-17 20:56:21,411 - RecipeProcessor - WARNING - Recipe steps missing: 하이시엔미엔 ...생활의 달인 대만가정식 국물면요리
2025-02-17 20:56:21,412 - RecipeProcessor - INFO - 5600/5796 레시피 처리 완료
2025-02-17 20:56:21,413 - RecipeProcessor - WARNING - Recipe title missing: https://www.10000recipe.com/recipe/7035188
2025-02-17 20:56:21,414 - RecipeProcessor - WARNING - Recipe steps missing: 새우완탕면 (풀무원 새우듬뿍만두 ) 강추!!
2025-02-17 20:56:21,416 - RecipeProcessor - WARNING - Recipe steps missing: [EP 75. 레터링케이크] 케이크 옆면에 글씨쓰기/ 조색 / 루니제과/ cake decoration
2025-02-17 20:56:21,417 - RecipeProcessor - INFO - 5700/5796 레시피 처리 완료
2025-02-17 20:56:21,420 - RecipeProcessor - WARNING - Recipe steps missing: 총각김치 지짐~먹다남은 알타리 들기름지짐 냉파요리
2025-02-17 20:56:21,421 - RecipeProcessor - WARNING - Recipe steps missing: 쪽파김치 담그는법 - 딸에게# 쪽파김치 만드는법
2025-02-17 20:56:21,422 - RecipeProcessor - WARNING - Recipe steps missing: 한포기 배추김치 막김치 담그는법 - 딸에게#
2025-02-17 20:56:21,423 - RecipeProcessor - INFO - 총 5796/5796 레시피 처리 완료
2025-02-17 20:56:21,855 - RecipeProcessor - INFO - 처리된 레시피를 data/processed/processed_recipes_20250217_205621.json에 저장했습니다.
2025-02-17 20:58:05,165 - RecipeProcessor - INFO - 총 5796개의 레시피 처리 시작
2025-02-17 20:58:05,169 - RecipeProcessor - WARNING - Recipe steps missing: 밥새우볶음 만드는법~밥새우세멸치볶음 밥새우요리
2025-02-17 20:58:05,169 - RecipeProcessor - WARNING - Recipe steps missing: 짜장밥 (tvn 스페인하숙 짜장밥)
2025-02-17 20:58:05,169 - RecipeProcessor - WARNING - Recipe steps missing: 대하 볶음밥 - 딸에게# /볶음밥
2025-02-17 20:58:05,170 - RecipeProcessor - INFO - 100/5796 레시피 처리 완료
2025-02-17 20:58:05,172 - RecipeProcessor - WARNING - Recipe steps missing: 계란밥전 - 딸에게# / 계란밥전만드는법
2025-02-17 20:58:05,174 - RecipeProcessor - WARNING - Recipe steps missing: 주말에 만든 우리 집 나물반찬 3가지
2025-02-17 20:58:05,175 - RecipeProcessor - INFO - 200/5796 레시피 처리 완료
2025-02-17 20:58:05,177 - RecipeProcessor - WARNING - Recipe title missing: https://www.10000recipe.com/recipe/6956043
2025-02-17 20:58:05,178 - RecipeProcessor - WARNING - Recipe steps missing: 한꺼번에 4가지 밥하기 - 4가지밥
2025-02-17 20:58:05,179 - RecipeProcessor - INFO - 300/5796 레시피 처리 완료
2025-02-17 20:58:05,180 - RecipeProcessor - WARNING - Recipe steps missing: 해초 밥이랑 먹는 오이냉국, 오이냉국 밥
2025-02-17 20:58:05,181 - RecipeProcessor - WARNING - Recipe steps missing: 한 그릇 밥, 먹다 남은 재료로 만든 카레라이스
2025-02-17 20:58:05,183 - RecipeProcessor - WARNING - Recipe steps missing: 순두부찌개 - 딸에게# / 임성근 만능찌개양념장
2025-02-17 20:58:05,184 - RecipeProcessor - INFO - 400/5796 레시피 처리 완료
2025-02-17 20:58:05,187 - RecipeProcessor - WARNING - Recipe steps missing: 편스토랑 류수영 대만족면 도전 (남은 족발로~~♡)
2025-02-17 20:58:05,235 - RecipeProcessor - INFO - 500/5796 레시피 처리 완료
2025-02-17 20:58:05,240 - RecipeProcessor - INFO - 600/5796 레시피 처리 완료
2025-02-17 20:58:05,243 - RecipeProcessor - WARNING - Recipe steps missing: 알타리김치 지짐 만드는법- 딸에게# ~ 총각김치지짐
2025-02-17 20:58:05,243 - RecipeProcessor - WARNING - Recipe steps missing: 알타리김치 - 딸에게#
2025-02-17 20:58:05,243 - RecipeProcessor - WARNING - Recipe steps missing: 알타리김치? 무청김치 담그는법- 딸에게#
2025-02-17 20:58:05,247 - RecipeProcessor - INFO - 700/5796 레시피 처리 완료
2025-02-17 20:58:05,247 - RecipeProcessor - WARNING - Recipe steps missing: 알타리김치 담그기 - 딸에게 #
2025-02-17 20:58:05,248 - RecipeProcessor - WARNING - Recipe steps missing: 김장철 보양식~ 소고기배추국 - 딸에게#
2025-02-17 20:58:05,248 - RecipeProcessor - WARNING - Recipe steps missing: 겨울 보양식, 두 가지 맛 장어구이
2025-02-17 20:58:05,250 - RecipeProcessor - WARNING - Recipe steps missing: 불없이 만드는 보양식'스지찜'
2025-02-17 20:58:05,252 - RecipeProcessor - WARNING - Recipe title missing: https://www.10000recipe.com/recipe/7031336
2025-02-17 20:58:05,252 - RecipeProcessor - INFO - 800/5796 레시피 처리 완료
2025-02-17 20:58:05,257 - RecipeProcessor - INFO - 900/5796 레시피 처리 완료
2025-02-17 20:58:05,258 - RecipeProcessor - WARNING - Recipe steps missing: 건강한 면 요리 생면으로 만드는 크림스파게티
2025-02-17 20:58:05,260 - RecipeProcessor - WARNING - Recipe steps missing: 메밀면샐러드-아사삭 깔끔한 맛
2025-02-17 20:58:05,261 - RecipeProcessor - WARNING - Recipe steps missing: 요포미엔 (생활의 달인 대만가정식 면요리)
2025-02-17 20:58:05,263 - RecipeProcessor - INFO - 1000/5796 레시피 처리 완료
2025-02-17 20:58:05,264 - RecipeProcessor - WARNING - Recipe steps missing: 달래 된장찌개 끓이는법~ 뚝배기 차돌박이된장찌개
2025-02-17 20:58:05,264 - RecipeProcessor - WARNING - Recipe steps missing: 삼겹살 듬뿍~ 김치찌개 - 딸에게# / 김치찌개 만드는법
2025-02-17 20:58:05,269 - RecipeProcessor - INFO - 1100/5796 레시피 처리 완료
2025-02-17 20:58:05,270 - RecipeProcessor - WARNING - Recipe steps missing: 냉파, 냉장고 털어 만든 우리 집 밑반찬
2025-02-17 20:58:05,272 - RecipeProcessor - WARNING - Recipe steps missing: 묵은지김치찜 밖에서 사 먹으면 손해
2025-02-17 20:58:05,272 - RecipeProcessor - WARNING - Recipe steps missing: 금붕어 소면~밥블레스유 최화정 간장국수(쯔유소면)
2025-02-17 20:58:05,273 - RecipeProcessor - INFO - 1200/5796 레시피 처리 완료
2025-02-17 20:58:05,274 - RecipeProcessor - WARNING - Recipe steps missing: 초계국수...더운여름날에 먹으면 더 좋은 국수
2025-02-17 20:58:05,279 - RecipeProcessor - INFO - 1300/5796 레시피 처리 완료
2025-02-17 20:58:05,285 - RecipeProcessor - INFO - 1400/5796 레시피 처리 완료
2025-02-17 20:58:05,287 - RecipeProcessor - WARNING - Recipe steps missing: 얼갈이열무김치 담그는법~ 열무얼갈이김치 여름김치담그기
2025-02-17 20:58:05,288 - RecipeProcessor - WARNING - Recipe title missing: https://www.10000recipe.com/recipe/6864003
2025-02-17 20:58:05,291 - RecipeProcessor - INFO - 1500/5796 레시피 처리 완료
2025-02-17 20:58:05,292 - RecipeProcessor - WARNING - Recipe steps missing: 든든한 우리 집 밑반찬 4가지
2025-02-17 20:58:05,294 - RecipeProcessor - WARNING - Recipe steps missing: 된장볶음밥?! 유명레스토랑
2025-02-17 20:58:05,295 - RecipeProcessor - WARNING - Recipe steps missing: 혼밥 총각김치볶음밥
2025-02-17 20:58:05,295 - RecipeProcessor - INFO - 1600/5796 레시피 처리 완료
2025-02-17 20:58:05,299 - RecipeProcessor - WARNING - Recipe steps missing: 고추김치 만드는법/별미김치
2025-02-17 20:58:05,300 - RecipeProcessor - INFO - 1700/5796 레시피 처리 완료
2025-02-17 20:58:05,301 - RecipeProcessor - WARNING - Recipe steps missing: 김치찌개 만드는법~멸치김치찌개?햄,소세지김치찌개?잡탕김치찌개~
2025-02-17 20:58:05,302 - RecipeProcessor - WARNING - Recipe steps missing: #짜서 먹기 힘든 김치로 만드는 #김치찜 만들기 #냄새만으로도 밥을 부르는 짠김치의 대 변신!!!
2025-02-17 20:58:05,304 - RecipeProcessor - WARNING - Recipe steps missing: 한 그릇 밥, 밥도둑 케일쌈과 케일 쌈밥
2025-02-17 20:58:05,304 - RecipeProcessor - WARNING - Recipe steps missing: 숙주볶음밥 만드는법~ 새우볶음밥,태국식계란볶음밥,팟타이
2025-02-17 20:58:05,305 - RecipeProcessor - INFO - 1800/5796 레시피 처리 완료
2025-02-17 20:58:05,307 - RecipeProcessor - WARNING - Recipe title missing: https://www.10000recipe.com/recipe/6850017
2025-02-17 20:58:05,311 - RecipeProcessor - INFO - 1900/5796 레시피 처리 완료
2025-02-17 20:58:05,312 - RecipeProcessor - WARNING - Recipe steps missing: 꼬마 멜론으로 만든 밑반찬 3가지
2025-02-17 20:58:05,316 - RecipeProcessor - INFO - 2000/5796 레시피 처리 완료
2025-02-17 20:58:05,320 - RecipeProcessor - WARNING - Recipe title missing: https://www.10000recipe.com/recipe/6928857
2025-02-17 20:58:05,321 - RecipeProcessor - INFO - 2100/5796 레시피 처리 완료
2025-02-17 20:58:05,324 - RecipeProcessor - WARNING - Recipe steps missing: 명절 음식 재활용, 얼큰 찌개와 마요 덮밥
2025-02-17 20:58:05,326 - RecipeProcessor - INFO - 2200/5796 레시피 처리 완료
2025-02-17 20:58:05,331 - RecipeProcessor - WARNING - Recipe steps missing: 아주버님을 위한 밑반찬 6가지
2025-02-17 20:58:05,331 - RecipeProcessor - INFO - 2300/5796 레시피 처리 완료
2025-02-17 20:58:05,331 - RecipeProcessor - WARNING - Recipe steps missing: 안주,반찬되는 짜사이
2025-02-17 20:58:05,336 - RecipeProcessor - INFO - 2400/5796 레시피 처리 완료
2025-02-17 20:58:05,336 - RecipeProcessor - WARNING - Recipe steps missing: 볶음우동 만들기~베이컨볶음우동만드는법 우동면요리
2025-02-17 20:58:05,337 - RecipeProcessor - WARNING - Recipe steps missing: 속은촉촉 겉은바삭한 얼갈이전 - 봄에 먹은면 맛있는전
2025-02-17 20:58:05,341 - RecipeProcessor - INFO - 2500/5796 레시피 처리 완료
2025-02-17 20:58:05,343 - RecipeProcessor - WARNING - Recipe steps missing: 전찌개
2025-02-17 20:58:05,346 - RecipeProcessor - INFO - 2600/5796 레시피 처리 완료
2025-02-17 20:58:05,348 - RecipeProcessor - WARNING - Recipe steps missing: 부대찌개..비오는날엔 얼큰한 부대찌개!!(생생정보통)
2025-02-17 20:58:05,350 - RecipeProcessor - WARNING - Recipe steps missing: 돼지고기사태찌개 만드는법 ~ 사태고추장찌개
2025-02-17 20:58:05,351 - RecipeProcessor - INFO - 2700/5796 레시피 처리 완료
2025-02-17 20:58:05,351 - RecipeProcessor - WARNING - Recipe steps missing: 백종원 순두부찌개 만들어봤어요
2025-02-17 20:58:05,352 - RecipeProcessor - WARNING - Recipe steps missing: 제철 식재료로 만든 우리 집 밑반찬
2025-02-17 20:58:05,356 - RecipeProcessor - INFO - 2800/5796 레시피 처리 완료
2025-02-17 20:58:05,360 - RecipeProcessor - WARNING - Recipe steps missing: 개학 준비, 누구나 쉽게 만드는 밑반찬
2025-02-17 20:58:05,360 - RecipeProcessor - WARNING - Recipe steps missing: 집밥을 좋아하는 딸아이를 위한 밑반찬
2025-02-17 20:58:05,361 - RecipeProcessor - INFO - 2900/5796 레시피 처리 완료
2025-02-17 20:58:05,365 - RecipeProcessor - INFO - 3000/5796 레시피 처리 완료
2025-02-17 20:58:05,366 - RecipeProcessor - WARNING - Recipe steps missing: [밑반찬/마른반찬/오래먹는반찬] 명엽채볶음~! 오래먹고 오래보관가능한 반찬이에요~~
2025-02-17 20:58:05,370 - RecipeProcessor - INFO - 3100/5796 레시피 처리 완료
2025-02-17 20:58:05,372 - RecipeProcessor - WARNING - Recipe title missing: https://www.10000recipe.com/recipe/2423855
2025-02-17 20:58:05,374 - RecipeProcessor - INFO - 3200/5796 레시피 처리 완료
2025-02-17 20:58:05,375 - RecipeProcessor - WARNING - Recipe title missing: https://www.10000recipe.com/recipe/6997341
2025-02-17 20:58:05,380 - RecipeProcessor - INFO - 3300/5796 레시피 처리 완료
2025-02-17 20:58:05,381 - RecipeProcessor - WARNING - Recipe steps missing: 양배추고추씨김치 - 딸에게# / 양배추김치
2025-02-17 20:58:05,382 - RecipeProcessor - WARNING - Recipe steps missing: 김치볶음밥 대량생산, 냉동김치볶음밥 만들기, 김치볶음밥 다이어트, 현미김치볶음밥
2025-02-17 20:58:05,383 - RecipeProcessor - WARNING - Recipe steps missing: 김치콩나물국 끓이는법~ 개운한 멸치육수 김치국 김치요리
2025-02-17 20:58:05,385 - RecipeProcessor - WARNING - Recipe steps missing: 감자 깔고 끓였습니다. 갈치찌개
2025-02-17 20:58:05,386 - RecipeProcessor - INFO - 3400/5796 레시피 처리 완료
2025-02-17 20:58:05,387 - RecipeProcessor - WARNING - Recipe steps missing: [된장찌개]엄마보다 더 백종원보다더 맛있는 된장찌개
2025-02-17 20:58:05,387 - RecipeProcessor - WARNING - Recipe steps missing: 두부새우젓찌개 끓이는법~간단한찌개 두부요리
2025-02-17 20:58:05,391 - RecipeProcessor - INFO - 3500/5796 레시피 처리 완료
2025-02-17 20:58:05,392 - RecipeProcessor - WARNING - Recipe title missing: https://www.10000recipe.com/recipe/6855859
2025-02-17 20:58:05,392 - RecipeProcessor - WARNING - Recipe title missing: https://www.10000recipe.com/recipe/6908136
2025-02-17 20:58:05,396 - RecipeProcessor - INFO - 3600/5796 레시피 처리 완료
2025-02-17 20:58:05,399 - RecipeProcessor - WARNING - Recipe steps missing: 여름김치~양배추김치 - 딸에게 # / 양배추김치만드는법
2025-02-17 20:58:05,401 - RecipeProcessor - INFO - 3700/5796 레시피 처리 완료
2025-02-17 20:58:05,406 - RecipeProcessor - INFO - 3800/5796 레시피 처리 완료
2025-02-17 20:58:05,407 - RecipeProcessor - WARNING - Recipe steps missing: 수미네반찬 서울불고기
2025-02-17 20:58:05,409 - RecipeProcessor - WARNING - Recipe steps missing: 짜글이 만드는법/수미네 반찬
2025-02-17 20:58:05,411 - RecipeProcessor - INFO - 3900/5796 레시피 처리 완료
2025-02-17 20:58:05,416 - RecipeProcessor - INFO - 4000/5796 레시피 처리 완료
2025-02-17 20:58:05,418 - RecipeProcessor - WARNING - Recipe steps missing: 도토리쫄쫄면으로 비벼드세요~
2025-02-17 20:58:05,420 - RecipeProcessor - WARNING - Recipe steps missing: 카레볶음밥, 김치볶음라면, 계라탕
2025-02-17 20:58:05,420 - RecipeProcessor - WARNING - Recipe steps missing: 들깨 닭칼국수 만들기, 겨울 보양식으로 딱이야
2025-02-17 20:58:05,420 - RecipeProcessor - INFO - 4100/5796 레시피 처리 완료
2025-02-17 20:58:05,421 - RecipeProcessor - WARNING - Recipe steps missing: 보양식 전복회 만드는법~ 전복손질법, 전복보관
2025-02-17 20:58:05,424 - RecipeProcessor - WARNING - Recipe steps missing: 버섯덮밥 만들기, 간단하게 즐기는 영양식
2025-02-17 20:58:05,425 - RecipeProcessor - WARNING - Recipe steps missing: 돼지목살김치찌개~골목식당 돼지찌개 만드는법
2025-02-17 20:58:05,426 - RecipeProcessor - INFO - 4200/5796 레시피 처리 완료
2025-02-17 20:58:05,427 - RecipeProcessor - WARNING - Recipe steps missing: 사태고추장찌개~ 돼지고기찌개 캠핑메뉴
2025-02-17 20:58:05,429 - RecipeProcessor - WARNING - Recipe steps missing: 꽃게탕 만드는법~ 가을 활꽃게매운탕 꽃게찌개
2025-02-17 20:58:05,431 - RecipeProcessor - WARNING - Recipe steps missing: 더먹고가 임지호 북어채 & 총각무 볶음밥 도전♡
2025-02-17 20:58:05,431 - RecipeProcessor - WARNING - Recipe steps missing: 양파김치 - 딸에게# / 양파김치 담그는법, 양파요리
2025-02-17 20:58:05,432 - RecipeProcessor - INFO - 4300/5796 레시피 처리 완료
2025-02-17 20:58:05,432 - RecipeProcessor - WARNING - Recipe steps missing: 막김치 담그는법~배추한포기 여름배추김치 담그기
2025-02-17 20:58:05,437 - RecipeProcessor - WARNING - Recipe steps missing: 봄김치 3종세트
2025-02-17 20:58:05,437 - RecipeProcessor - INFO - 4400/5796 레시피 처리 완료
2025-02-17 20:58:05,438 - RecipeProcessor - WARNING - Recipe title missing: https://www.10000recipe.com/recipe/6998529
2025-02-17 20:58:05,439 - RecipeProcessor - WARNING - Recipe steps missing: 수미네반찬 콩자반 따라
2025-02-17 20:58:05,441 - RecipeProcessor - INFO - 4500/5796 레시피 처리 완료
2025-02-17 20:58:05,442 - RecipeProcessor - WARNING - Recipe steps missing: 반찬만들기 스팸두부샌드
2025-02-17 20:58:05,446 - RecipeProcessor - INFO - 4600/5796 레시피 처리 완료
2025-02-17 20:58:05,447 - RecipeProcessor - WARNING - Recipe steps missing: 제주 별미, 보양식! 전복 김밥
2025-02-17 20:58:05,450 - RecipeProcessor - WARNING - Recipe steps missing: 무더위 이겨내자! 우리 집 여름 밑반찬
2025-02-17 20:58:05,451 - RecipeProcessor - WARNING - Recipe steps missing: ［간단초보요리］짭조름한 밑반찬으로 만드는 상추쌈밥
2025-02-17 20:58:05,452 - RecipeProcessor - INFO - 4700/5796 레시피 처리 완료
2025-02-17 20:58:05,453 - RecipeProcessor - WARNING - Recipe steps missing: 오이 해바라기씨 무침 만들기, 오이 겉절이 만드는 법, 오이 반찬. 쉬운 반찬
2025-02-17 20:58:05,454 - RecipeProcessor - WARNING - Recipe steps missing: 토마토 반찬~ 토마토무침 - 딸에게#
2025-02-17 20:58:05,455 - RecipeProcessor - WARNING - Recipe steps missing: 20분 저녁반찬 완성
2025-02-17 20:58:05,511 - RecipeProcessor - INFO - 4800/5796 레시피 처리 완료
2025-02-17 20:58:05,512 - RecipeProcessor - WARNING - Recipe steps missing: 수미네반찬 간장새우찜 만들어봤어요~
2025-02-17 20:58:05,512 - RecipeProcessor - WARNING - Recipe steps missing: 가지볶음..칼칼하고 짭쪼름한 밑반찬
2025-02-17 20:58:05,512 - RecipeProcessor - WARNING - Recipe steps missing: 우리 집 일주일 밑반찬
2025-02-17 20:58:05,514 - RecipeProcessor - WARNING - Recipe steps missing: 아들이 좋아하는 밑반찬 8가지
2025-02-17 20:58:05,516 - RecipeProcessor - WARNING - Recipe steps missing: 흔히 해먹는 반찬~ 두부조림
2025-02-17 20:58:05,516 - RecipeProcessor - INFO - 4900/5796 레시피 처리 완료
2025-02-17 20:58:05,521 - RecipeProcessor - INFO - 5000/5796 레시피 처리 완료
2025-02-17 20:58:05,526 - RecipeProcessor - WARNING - Recipe steps missing: 국민 양식 돈까스 만들기 + 돈까스 소스
2025-02-17 20:58:05,527 - RecipeProcessor - INFO - 5100/5796 레시피 처리 완료
2025-02-17 20:58:05,532 - RecipeProcessor - INFO - 5200/5796 레시피 처리 완료
2025-02-17 20:58:05,533 - RecipeProcessor - WARNING - Recipe steps missing: 강식당 김치밥 따라하기
2025-02-17 20:58:05,536 - RecipeProcessor - INFO - 5300/5796 레시피 처리 완료
2025-02-17 20:58:05,541 - RecipeProcessor - INFO - 5400/5796 레시피 처리 완료
2025-02-17 20:58:05,541 - RecipeProcessor - WARNING - Recipe steps missing: 스테이크 소스 만들기 이 맛 알면 다른 소스 못 먹어요
2025-02-17 20:58:05,542 - RecipeProcessor - WARNING - Recipe title missing: https://www.10000recipe.com/recipe/6942823
2025-02-17 20:58:05,542 - RecipeProcessor - WARNING - Recipe steps missing: SNS에서 인기몰이중인 라면계의 강자 쿠지라이식라면
2025-02-17 20:58:05,546 - RecipeProcessor - INFO - 5500/5796 레시피 처리 완료
2025-02-17 20:58:05,550 - RecipeProcessor - WARNING - Recipe steps missing: 하이시엔미엔 ...생활의 달인 대만가정식 국물면요리
2025-02-17 20:58:05,551 - RecipeProcessor - INFO - 5600/5796 레시피 처리 완료
2025-02-17 20:58:05,552 - RecipeProcessor - WARNING - Recipe title missing: https://www.10000recipe.com/recipe/7035188
2025-02-17 20:58:05,552 - RecipeProcessor - WARNING - Recipe steps missing: 새우완탕면 (풀무원 새우듬뿍만두 ) 강추!!
2025-02-17 20:58:05,555 - RecipeProcessor - WARNING - Recipe steps missing: [EP 75. 레터링케이크] 케이크 옆면에 글씨쓰기/ 조색 / 루니제과/ cake decoration
2025-02-17 20:58:05,556 - RecipeProcessor - INFO - 5700/5796 레시피 처리 완료
2025-02-17 20:58:05,559 - RecipeProcessor - WARNING - Recipe steps missing: 총각김치 지짐~먹다남은 알타리 들기름지짐 냉파요리
2025-02-17 20:58:05,560 - RecipeProcessor - WARNING - Recipe steps missing: 쪽파김치 담그는법 - 딸에게# 쪽파김치 만드는법
2025-02-17 20:58:05,561 - RecipeProcessor - WARNING - Recipe steps missing: 한포기 배추김치 막김치 담그는법 - 딸에게#
2025-02-17 20:58:05,561 - RecipeProcessor - INFO - 총 5796/5796 레시피 처리 완료
2025-02-17 20:58:05,964 - RecipeProcessor - INFO - 처리된 레시피를 data/processed/processed_recipes_20250217_205805.json에 저장했습니다.
